# JRE version: OpenJDK Runtime Environment (8.0_242) (build 1.8.0_242-release-1644-b3-6222593)
# Java VM: OpenJDK 64-Bit Server VM (25.242-b3-6222593 mixed mode linux-amd64 compressed oops)
Heap:
 PSYoungGen      total 202240K, used 60291K [0x00000000e0000000, 0x00000000ecd00000, 0x0000000100000000)
  eden space 194560K, 30% used [0x00000000e0000000,0x00000000e3ae0ee0,0x00000000ebe00000)
  from space 7680K, 0% used [0x00000000ec580000,0x00000000ec580000,0x00000000ecd00000)
  to   space 7680K, 0% used [0x00000000ebe00000,0x00000000ebe00000,0x00000000ec580000)
 ParOldGen       total 69632K, used 7303K [0x00000000a0000000, 0x00000000a4400000, 0x00000000e0000000)
  object space 69632K, 10% used [0x00000000a0000000,0x00000000a0721fc8,0x00000000a4400000)
 Metaspace       used 28391K, capacity 28924K, committed 29104K, reserved 1075200K
  class space    used 3803K, capacity 4001K, committed 4016K, reserved 1048576K
GC Heap History (10 events):
Event: 0.841 GC heap before
{Heap before GC invocations=1 (full 0):
 PSYoungGen      total 56320K, used 48640K [0x00000000e0000000, 0x00000000e3e80000, 0x0000000100000000)
  eden space 48640K, 100% used [0x00000000e0000000,0x00000000e2f80000,0x00000000e2f80000)
  from space 7680K, 0% used [0x00000000e3700000,0x00000000e3700000,0x00000000e3e80000)
  to   space 7680K, 0% used [0x00000000e2f80000,0x00000000e2f80000,0x00000000e3700000)
 ParOldGen       total 128512K, used 0K [0x00000000a0000000, 0x00000000a7d80000, 0x00000000e0000000)
  object space 128512K, 0% used [0x00000000a0000000,0x00000000a0000000,0x00000000a7d80000)
 Metaspace       used 7488K, capacity 7696K, committed 8064K, reserved 1056768K
  class space    used 925K, capacity 1032K, committed 1152K, reserved 1048576K
Event: 0.850 GC heap after
Heap after GC invocations=1 (full 0):
 PSYoungGen      total 56320K, used 4840K [0x00000000e0000000, 0x00000000e6e00000, 0x0000000100000000)
  eden space 48640K, 0% used [0x00000000e0000000,0x00000000e0000000,0x00000000e2f80000)
  from space 7680K, 63% used [0x00000000e2f80000,0x00000000e343a288,0x00000000e3700000)
  to   space 7680K, 0% used [0x00000000e6680000,0x00000000e6680000,0x00000000e6e00000)
 ParOldGen       total 128512K, used 0K [0x00000000a0000000, 0x00000000a7d80000, 0x00000000e0000000)
  object space 128512K, 0% used [0x00000000a0000000,0x00000000a0000000,0x00000000a7d80000)
 Metaspace       used 7488K, capacity 7696K, committed 8064K, reserved 1056768K
  class space    used 925K, capacity 1032K, committed 1152K, reserved 1048576K
}
Event: 1.497 GC heap before
{Heap before GC invocations=2 (full 0):
 PSYoungGen      total 56320K, used 53480K [0x00000000e0000000, 0x00000000e6e00000, 0x0000000100000000)
  eden space 48640K, 100% used [0x00000000e0000000,0x00000000e2f80000,0x00000000e2f80000)
  from space 7680K, 63% used [0x00000000e2f80000,0x00000000e343a288,0x00000000e3700000)
  to   space 7680K, 0% used [0x00000000e6680000,0x00000000e6680000,0x00000000e6e00000)
 ParOldGen       total 128512K, used 0K [0x00000000a0000000, 0x00000000a7d80000, 0x00000000e0000000)
  object space 128512K, 0% used [0x00000000a0000000,0x00000000a0000000,0x00000000a7d80000)
 Metaspace       used 12250K, capacity 12646K, committed 12928K, reserved 1060864K
  class space    used 1681K, capacity 1811K, committed 1920K, reserved 1048576K
Event: 1.512 GC heap after
Heap after GC invocations=2 (full 0):
 PSYoungGen      total 104960K, used 7280K [0x00000000e0000000, 0x00000000e6e00000, 0x0000000100000000)
  eden space 97280K, 0% used [0x00000000e0000000,0x00000000e0000000,0x00000000e5f00000)
  from space 7680K, 94% used [0x00000000e6680000,0x00000000e6d9c328,0x00000000e6e00000)
  to   space 7680K, 0% used [0x00000000e5f00000,0x00000000e5f00000,0x00000000e6680000)
 ParOldGen       total 128512K, used 16K [0x00000000a0000000, 0x00000000a7d80000, 0x00000000e0000000)
  object space 128512K, 0% used [0x00000000a0000000,0x00000000a0004000,0x00000000a7d80000)
 Metaspace       used 12250K, capacity 12646K, committed 12928K, reserved 1060864K
  class space    used 1681K, capacity 1811K, committed 1920K, reserved 1048576K
}
Event: 3.151 GC heap before
{Heap before GC invocations=3 (full 0):
 PSYoungGen      total 104960K, used 104560K [0x00000000e0000000, 0x00000000e6e00000, 0x0000000100000000)
  eden space 97280K, 100% used [0x00000000e0000000,0x00000000e5f00000,0x00000000e5f00000)
  from space 7680K, 94% used [0x00000000e6680000,0x00000000e6d9c328,0x00000000e6e00000)
  to   space 7680K, 0% used [0x00000000e5f00000,0x00000000e5f00000,0x00000000e6680000)
 ParOldGen       total 128512K, used 16K [0x00000000a0000000, 0x00000000a7d80000, 0x00000000e0000000)
  object space 128512K, 0% used [0x00000000a0000000,0x00000000a0004000,0x00000000a7d80000)
 Metaspace       used 20426K, capacity 20942K, committed 21248K, reserved 1067008K
  class space    used 2876K, capacity 3053K, committed 3072K, reserved 1048576K
Event: 3.183 GC heap after
Heap after GC invocations=3 (full 0):
 PSYoungGen      total 104960K, used 7675K [0x00000000e0000000, 0x00000000ecd00000, 0x0000000100000000)
  eden space 97280K, 0% used [0x00000000e0000000,0x00000000e0000000,0x00000000e5f00000)
  from space 7680K, 99% used [0x00000000e5f00000,0x00000000e667efa0,0x00000000e6680000)
  to   space 7680K, 0% used [0x00000000ec580000,0x00000000ec580000,0x00000000ecd00000)
 ParOldGen       total 128512K, used 6250K [0x00000000a0000000, 0x00000000a7d80000, 0x00000000e0000000)
  object space 128512K, 4% used [0x00000000a0000000,0x00000000a061a8e8,0x00000000a7d80000)
 Metaspace       used 20426K, capacity 20942K, committed 21248K, reserved 1067008K
  class space    used 2876K, capacity 3053K, committed 3072K, reserved 1048576K
}
Event: 3.215 GC heap before
{Heap before GC invocations=4 (full 0):
 PSYoungGen      total 104960K, used 13455K [0x00000000e0000000, 0x00000000ecd00000, 0x0000000100000000)
  eden space 97280K, 5% used [0x00000000e0000000,0x00000000e05a4c80,0x00000000e5f00000)
  from space 7680K, 99% used [0x00000000e5f00000,0x00000000e667efa0,0x00000000e6680000)
  to   space 7680K, 0% used [0x00000000ec580000,0x00000000ec580000,0x00000000ecd00000)
 ParOldGen       total 128512K, used 6250K [0x00000000a0000000, 0x00000000a7d80000, 0x00000000e0000000)
  object space 128512K, 4% used [0x00000000a0000000,0x00000000a061a8e8,0x00000000a7d80000)
 Metaspace       used 20606K, capacity 21166K, committed 21296K, reserved 1067008K
  class space    used 2903K, capacity 3085K, committed 3120K, reserved 1048576K
Event: 3.226 GC heap after
Heap after GC invocations=4 (full 0):
 PSYoungGen      total 202240K, used 6888K [0x00000000e0000000, 0x00000000ecd00000, 0x0000000100000000)
  eden space 194560K, 0% used [0x00000000e0000000,0x00000000e0000000,0x00000000ebe00000)
  from space 7680K, 89% used [0x00000000ec580000,0x00000000ecc3a338,0x00000000ecd00000)
  to   space 7680K, 0% used [0x00000000ebe00000,0x00000000ebe00000,0x00000000ec580000)
 ParOldGen       total 128512K, used 6258K [0x00000000a0000000, 0x00000000a7d80000, 0x00000000e0000000)
  object space 128512K, 4% used [0x00000000a0000000,0x00000000a061c8e8,0x00000000a7d80000)
 Metaspace       used 20606K, capacity 21166K, committed 21296K, reserved 1067008K
  class space    used 2903K, capacity 3085K, committed 3120K, reserved 1048576K
}
Event: 3.226 GC heap before
{Heap before GC invocations=5 (full 1):
 PSYoungGen      total 202240K, used 6888K [0x00000000e0000000, 0x00000000ecd00000, 0x0000000100000000)
  eden space 194560K, 0% used [0x00000000e0000000,0x00000000e0000000,0x00000000ebe00000)
  from space 7680K, 89% used [0x00000000ec580000,0x00000000ecc3a338,0x00000000ecd00000)
  to   space 7680K, 0% used [0x00000000ebe00000,0x00000000ebe00000,0x00000000ec580000)
 ParOldGen       total 128512K, used 6258K [0x00000000a0000000, 0x00000000a7d80000, 0x00000000e0000000)
  object space 128512K, 4% used [0x00000000a0000000,0x00000000a061c8e8,0x00000000a7d80000)
 Metaspace       used 20606K, capacity 21166K, committed 21296K, reserved 1067008K
  class space    used 2903K, capacity 3085K, committed 3120K, reserved 1048576K
Event: 3.271 GC heap after
Heap after GC invocations=5 (full 1):
 PSYoungGen      total 202240K, used 0K [0x00000000e0000000, 0x00000000ecd00000, 0x0000000100000000)
  eden space 194560K, 0% used [0x00000000e0000000,0x00000000e0000000,0x00000000ebe00000)
  from space 7680K, 0% used [0x00000000ec580000,0x00000000ec580000,0x00000000ecd00000)
  to   space 7680K, 0% used [0x00000000ebe00000,0x00000000ebe00000,0x00000000ec580000)
 ParOldGen       total 69632K, used 7303K [0x00000000a0000000, 0x00000000a4400000, 0x00000000e0000000)
  object space 69632K, 10% used [0x00000000a0000000,0x00000000a0721fc8,0x00000000a4400000)
 Metaspace       used 20606K, capacity 21166K, committed 21296K, reserved 1067008K
  class space    used 2903K, capacity 3085K, committed 3120K, reserved 1048576K
}

