# JRE version: OpenJDK Runtime Environment (8.0_242) (build 1.8.0_242-release-1644-b3-6222593)
# Java VM: OpenJDK 64-Bit Server VM (25.242-b3-6222593 mixed mode linux-amd64 compressed oops)
Heap:
 PSYoungGen      total 400384K, used 43584K [0x00000000e0000000, 0x00000000ffb80000, 0x0000000100000000)
  eden space 287744K, 0% used [0x00000000e0000000,0x00000000e0000000,0x00000000f1900000)
  from space 112640K, 38% used [0x00000000f1900000,0x00000000f43901a0,0x00000000f8700000)
  to   space 107008K, 0% used [0x00000000f9300000,0x00000000f9300000,0x00000000ffb80000)
 ParOldGen       total 519680K, used 456413K [0x00000000a0000000, 0x00000000bfb80000, 0x00000000e0000000)
  object space 519680K, 87% used [0x00000000a0000000,0x00000000bbdb7688,0x00000000bfb80000)
 Metaspace       used 118746K, capacity 127328K, committed 133272K, reserved 1165312K
  class space    used 14909K, capacity 16435K, committed 17328K, reserved 1048576K
GC Heap History (10 events):
Event: 4274.335 GC heap after
Heap after GC invocations=119 (full 8):
 PSYoungGen      total 396800K, used 40501K [0x00000000e0000000, 0x0000000100000000, 0x0000000100000000)
  eden space 269312K, 0% used [0x00000000e0000000,0x00000000e0000000,0x00000000f0700000)
  from space 127488K, 31% used [0x00000000f0700000,0x00000000f2e8d758,0x00000000f8380000)
  to   space 120832K, 0% used [0x00000000f8a00000,0x00000000f8a00000,0x0000000100000000)
 ParOldGen       total 519680K, used 394109K [0x00000000a0000000, 0x00000000bfb80000, 0x00000000e0000000)
  object space 519680K, 75% used [0x00000000a0000000,0x00000000b80df620,0x00000000bfb80000)
 Metaspace       used 118474K, capacity 127024K, committed 133272K, reserved 1165312K
  class space    used 14887K, capacity 16389K, committed 17328K, reserved 1048576K
}
Event: 4274.726 GC heap before
{Heap before GC invocations=120 (full 8):
 PSYoungGen      total 396800K, used 309813K [0x00000000e0000000, 0x0000000100000000, 0x0000000100000000)
  eden space 269312K, 100% used [0x00000000e0000000,0x00000000f0700000,0x00000000f0700000)
  from space 127488K, 31% used [0x00000000f0700000,0x00000000f2e8d758,0x00000000f8380000)
  to   space 120832K, 0% used [0x00000000f8a00000,0x00000000f8a00000,0x0000000100000000)
 ParOldGen       total 519680K, used 394109K [0x00000000a0000000, 0x00000000bfb80000, 0x00000000e0000000)
  object space 519680K, 75% used [0x00000000a0000000,0x00000000b80df620,0x00000000bfb80000)
 Metaspace       used 118498K, capacity 127036K, committed 133272K, reserved 1165312K
  class space    used 14887K, capacity 16389K, committed 17328K, reserved 1048576K
Event: 4274.779 GC heap after
Heap after GC invocations=120 (full 8):
 PSYoungGen      total 387072K, used 12215K [0x00000000e0000000, 0x00000000ff680000, 0x0000000100000000)
  eden space 275968K, 0% used [0x00000000e0000000,0x00000000e0000000,0x00000000f0d80000)
  from space 111104K, 10% used [0x00000000f8a00000,0x00000000f95edc28,0x00000000ff680000)
  to   space 119296K, 0% used [0x00000000f0d80000,0x00000000f0d80000,0x00000000f8200000)
 ParOldGen       total 519680K, used 421701K [0x00000000a0000000, 0x00000000bfb80000, 0x00000000e0000000)
  object space 519680K, 81% used [0x00000000a0000000,0x00000000b9bd15f0,0x00000000bfb80000)
 Metaspace       used 118498K, capacity 127036K, committed 133272K, reserved 1165312K
  class space    used 14887K, capacity 16389K, committed 17328K, reserved 1048576K
}
Event: 4275.249 GC heap before
{Heap before GC invocations=121 (full 8):
 PSYoungGen      total 387072K, used 288183K [0x00000000e0000000, 0x00000000ff680000, 0x0000000100000000)
  eden space 275968K, 100% used [0x00000000e0000000,0x00000000f0d80000,0x00000000f0d80000)
  from space 111104K, 10% used [0x00000000f8a00000,0x00000000f95edc28,0x00000000ff680000)
  to   space 119296K, 0% used [0x00000000f0d80000,0x00000000f0d80000,0x00000000f8200000)
 ParOldGen       total 519680K, used 421701K [0x00000000a0000000, 0x00000000bfb80000, 0x00000000e0000000)
  object space 519680K, 81% used [0x00000000a0000000,0x00000000b9bd15f0,0x00000000bfb80000)
 Metaspace       used 118585K, capacity 127124K, committed 133272K, reserved 1165312K
  class space    used 14897K, capacity 16393K, committed 17328K, reserved 1048576K
Event: 4275.283 GC heap after
Heap after GC invocations=121 (full 8):
 PSYoungGen      total 395264K, used 13717K [0x00000000e0000000, 0x0000000100000000, 0x0000000100000000)
  eden space 275968K, 0% used [0x00000000e0000000,0x00000000e0000000,0x00000000f0d80000)
  from space 119296K, 11% used [0x00000000f0d80000,0x00000000f1ae5790,0x00000000f8200000)
  to   space 117248K, 0% used [0x00000000f8d80000,0x00000000f8d80000,0x0000000100000000)
 ParOldGen       total 519680K, used 426728K [0x00000000a0000000, 0x00000000bfb80000, 0x00000000e0000000)
  object space 519680K, 82% used [0x00000000a0000000,0x00000000ba0ba3c8,0x00000000bfb80000)
 Metaspace       used 118585K, capacity 127124K, committed 133272K, reserved 1165312K
  class space    used 14897K, capacity 16393K, committed 17328K, reserved 1048576K
}
Event: 4276.406 GC heap before
{Heap before GC invocations=122 (full 8):
 PSYoungGen      total 395264K, used 289607K [0x00000000e0000000, 0x0000000100000000, 0x0000000100000000)
  eden space 275968K, 99% used [0x00000000e0000000,0x00000000f0d6c800,0x00000000f0d80000)
  from space 119296K, 11% used [0x00000000f0d80000,0x00000000f1ae5790,0x00000000f8200000)
  to   space 117248K, 0% used [0x00000000f8d80000,0x00000000f8d80000,0x0000000100000000)
 ParOldGen       total 519680K, used 426728K [0x00000000a0000000, 0x00000000bfb80000, 0x00000000e0000000)
  object space 519680K, 82% used [0x00000000a0000000,0x00000000ba0ba3c8,0x00000000bfb80000)
 Metaspace       used 118661K, capacity 127230K, committed 133272K, reserved 1165312K
  class space    used 14904K, capacity 16428K, committed 17328K, reserved 1048576K
Event: 4276.433 GC heap after
Heap after GC invocations=122 (full 8):
 PSYoungGen      total 393728K, used 21804K [0x00000000e0000000, 0x00000000ff500000, 0x0000000100000000)
  eden space 287744K, 0% used [0x00000000e0000000,0x00000000e0000000,0x00000000f1900000)
  from space 105984K, 20% used [0x00000000f8d80000,0x00000000fa2cb1c8,0x00000000ff500000)
  to   space 112640K, 0% used [0x00000000f1900000,0x00000000f1900000,0x00000000f8700000)
 ParOldGen       total 519680K, used 435369K [0x00000000a0000000, 0x00000000bfb80000, 0x00000000e0000000)
  object space 519680K, 83% used [0x00000000a0000000,0x00000000ba92a5e0,0x00000000bfb80000)
 Metaspace       used 118661K, capacity 127230K, committed 133272K, reserved 1165312K
  class space    used 14904K, capacity 16428K, committed 17328K, reserved 1048576K
}
Event: 4276.988 GC heap before
{Heap before GC invocations=123 (full 8):
 PSYoungGen      total 393728K, used 309548K [0x00000000e0000000, 0x00000000ff500000, 0x0000000100000000)
  eden space 287744K, 100% used [0x00000000e0000000,0x00000000f1900000,0x00000000f1900000)
  from space 105984K, 20% used [0x00000000f8d80000,0x00000000fa2cb1c8,0x00000000ff500000)
  to   space 112640K, 0% used [0x00000000f1900000,0x00000000f1900000,0x00000000f8700000)
 ParOldGen       total 519680K, used 435369K [0x00000000a0000000, 0x00000000bfb80000, 0x00000000e0000000)
  object space 519680K, 83% used [0x00000000a0000000,0x00000000ba92a5e0,0x00000000bfb80000)
 Metaspace       used 118746K, capacity 127328K, committed 133272K, reserved 1165312K
  class space    used 14909K, capacity 16435K, committed 17328K, reserved 1048576K
Event: 4277.037 GC heap after
Heap after GC invocations=123 (full 8):
 PSYoungGen      total 400384K, used 43584K [0x00000000e0000000, 0x00000000ffb80000, 0x0000000100000000)
  eden space 287744K, 0% used [0x00000000e0000000,0x00000000e0000000,0x00000000f1900000)
  from space 112640K, 38% used [0x00000000f1900000,0x00000000f43901a0,0x00000000f8700000)
  to   space 107008K, 0% used [0x00000000f9300000,0x00000000f9300000,0x00000000ffb80000)
 ParOldGen       total 519680K, used 456413K [0x00000000a0000000, 0x00000000bfb80000, 0x00000000e0000000)
  object space 519680K, 87% used [0x00000000a0000000,0x00000000bbdb7688,0x00000000bfb80000)
 Metaspace       used 118746K, capacity 127328K, committed 133272K, reserved 1165312K
  class space    used 14909K, capacity 16435K, committed 17328K, reserved 1048576K
}
Event: 4277.037 GC heap before
{Heap before GC invocations=124 (full 9):
 PSYoungGen      total 400384K, used 43584K [0x00000000e0000000, 0x00000000ffb80000, 0x0000000100000000)
  eden space 287744K, 0% used [0x00000000e0000000,0x00000000e0000000,0x00000000f1900000)
  from space 112640K, 38% used [0x00000000f1900000,0x00000000f43901a0,0x00000000f8700000)
  to   space 107008K, 0% used [0x00000000f9300000,0x00000000f9300000,0x00000000ffb80000)
 ParOldGen       total 519680K, used 456413K [0x00000000a0000000, 0x00000000bfb80000, 0x00000000e0000000)
  object space 519680K, 87% used [0x00000000a0000000,0x00000000bbdb7688,0x00000000bfb80000)
 Metaspace       used 118746K, capacity 127328K, committed 133272K, reserved 1165312K
  class space    used 14909K, capacity 16435K, committed 17328K, reserved 1048576K

