# JRE version: OpenJDK Runtime Environment (8.0_242) (build 1.8.0_242-release-1644-b3-6222593)
# Java VM: OpenJDK 64-Bit Server VM (25.242-b3-6222593 mixed mode linux-amd64 compressed oops)
Heap:
 PSYoungGen      total 435200K, used 171026K [0x00000000e0000000, 0x00000000ff980000, 0x0000000100000000)
  eden space 353792K, 48% used [0x00000000e0000000,0x00000000ea704ab0,0x00000000f5980000)
  from space 81408K, 0% used [0x00000000faa00000,0x00000000faa00000,0x00000000ff980000)
  to   space 81920K, 0% used [0x00000000f5980000,0x00000000f5980000,0x00000000fa980000)
 ParOldGen       total 333824K, used 111996K [0x00000000a0000000, 0x00000000b4600000, 0x00000000e0000000)
  object space 333824K, 33% used [0x00000000a0000000,0x00000000a6d5f358,0x00000000b4600000)
 Metaspace       used 104864K, capacity 112024K, committed 134568K, reserved 1167360K
  class space    used 13218K, capacity 14445K, committed 16816K, reserved 1048576K
GC Heap History (10 events):
Event: 7821.549 GC heap before
{Heap before GC invocations=73 (full 4):
 PSYoungGen      total 433664K, used 359363K [0x00000000e0000000, 0x00000000fff00000, 0x0000000100000000)
  eden space 340992K, 100% used [0x00000000e0000000,0x00000000f4d00000,0x00000000f4d00000)
  from space 92672K, 19% used [0x00000000fa480000,0x00000000fb670ea8,0x00000000fff00000)
  to   space 89600K, 0% used [0x00000000f4d00000,0x00000000f4d00000,0x00000000fa480000)
 ParOldGen       total 313856K, used 280550K [0x00000000a0000000, 0x00000000b3280000, 0x00000000e0000000)
  object space 313856K, 89% used [0x00000000a0000000,0x00000000b11f9a70,0x00000000b3280000)
 Metaspace       used 125341K, capacity 134096K, committed 134312K, reserved 1167360K
  class space    used 15312K, capacity 16767K, committed 16816K, reserved 1048576K
Event: 7821.590 GC heap after
Heap after GC invocations=73 (full 4):
 PSYoungGen      total 430592K, used 47792K [0x00000000e0000000, 0x00000000ffe00000, 0x0000000100000000)
  eden space 340992K, 0% used [0x00000000e0000000,0x00000000e0000000,0x00000000f4d00000)
  from space 89600K, 53% used [0x00000000f4d00000,0x00000000f7bac278,0x00000000fa480000)
  to   space 90112K, 0% used [0x00000000fa600000,0x00000000fa600000,0x00000000ffe00000)
 ParOldGen       total 313856K, used 280790K [0x00000000a0000000, 0x00000000b3280000, 0x00000000e0000000)
  object space 313856K, 89% used [0x00000000a0000000,0x00000000b1235a70,0x00000000b3280000)
 Metaspace       used 125341K, capacity 134096K, committed 134312K, reserved 1167360K
  class space    used 15312K, capacity 16767K, committed 16816K, reserved 1048576K
}
Event: 7822.364 GC heap before
{Heap before GC invocations=74 (full 4):
 PSYoungGen      total 430592K, used 388784K [0x00000000e0000000, 0x00000000ffe00000, 0x0000000100000000)
  eden space 340992K, 100% used [0x00000000e0000000,0x00000000f4d00000,0x00000000f4d00000)
  from space 89600K, 53% used [0x00000000f4d00000,0x00000000f7bac278,0x00000000fa480000)
  to   space 90112K, 0% used [0x00000000fa600000,0x00000000fa600000,0x00000000ffe00000)
 ParOldGen       total 313856K, used 280790K [0x00000000a0000000, 0x00000000b3280000, 0x00000000e0000000)
  object space 313856K, 89% used [0x00000000a0000000,0x00000000b1235a70,0x00000000b3280000)
 Metaspace       used 125355K, capacity 134096K, committed 134312K, reserved 1167360K
  class space    used 15312K, capacity 16767K, committed 16816K, reserved 1048576K
Event: 7822.409 GC heap after
Heap after GC invocations=74 (full 4):
 PSYoungGen      total 430080K, used 18327K [0x00000000e0000000, 0x00000000ff980000, 0x0000000100000000)
  eden space 344576K, 0% used [0x00000000e0000000,0x00000000e0000000,0x00000000f5080000)
  from space 85504K, 21% used [0x00000000fa600000,0x00000000fb7e5f70,0x00000000ff980000)
  to   space 86528K, 0% used [0x00000000f5080000,0x00000000f5080000,0x00000000fa500000)
 ParOldGen       total 313856K, used 287331K [0x00000000a0000000, 0x00000000b3280000, 0x00000000e0000000)
  object space 313856K, 91% used [0x00000000a0000000,0x00000000b1898d88,0x00000000b3280000)
 Metaspace       used 125355K, capacity 134096K, committed 134312K, reserved 1167360K
  class space    used 15312K, capacity 16767K, committed 16816K, reserved 1048576K
}
Event: 11957.027 GC heap before
{Heap before GC invocations=75 (full 4):
 PSYoungGen      total 430080K, used 362903K [0x00000000e0000000, 0x00000000ff980000, 0x0000000100000000)
  eden space 344576K, 100% used [0x00000000e0000000,0x00000000f5080000,0x00000000f5080000)
  from space 85504K, 21% used [0x00000000fa600000,0x00000000fb7e5f70,0x00000000ff980000)
  to   space 86528K, 0% used [0x00000000f5080000,0x00000000f5080000,0x00000000fa500000)
 ParOldGen       total 313856K, used 287331K [0x00000000a0000000, 0x00000000b3280000, 0x00000000e0000000)
  object space 313856K, 91% used [0x00000000a0000000,0x00000000b1898d88,0x00000000b3280000)
 Metaspace       used 125411K, capacity 134224K, committed 134568K, reserved 1167360K
  class space    used 15312K, capacity 16767K, committed 16816K, reserved 1048576K
Event: 11957.072 GC heap after
Heap after GC invocations=75 (full 4):
 PSYoungGen      total 431104K, used 10665K [0x00000000e0000000, 0x00000000ffc00000, 0x0000000100000000)
  eden space 344576K, 0% used [0x00000000e0000000,0x00000000e0000000,0x00000000f5080000)
  from space 86528K, 12% used [0x00000000f5080000,0x00000000f5aea500,0x00000000fa500000)
  to   space 83968K, 0% used [0x00000000faa00000,0x00000000faa00000,0x00000000ffc00000)
 ParOldGen       total 313856K, used 291009K [0x00000000a0000000, 0x00000000b3280000, 0x00000000e0000000)
  object space 313856K, 92% used [0x00000000a0000000,0x00000000b1c30458,0x00000000b3280000)
 Metaspace       used 125411K, capacity 134224K, committed 134568K, reserved 1167360K
  class space    used 15312K, capacity 16767K, committed 16816K, reserved 1048576K
}
Event: 11959.179 GC heap before
{Heap before GC invocations=76 (full 4):
 PSYoungGen      total 431104K, used 355238K [0x00000000e0000000, 0x00000000ffc00000, 0x0000000100000000)
  eden space 344576K, 99% used [0x00000000e0000000,0x00000000f507f340,0x00000000f5080000)
  from space 86528K, 12% used [0x00000000f5080000,0x00000000f5aea500,0x00000000fa500000)
  to   space 83968K, 0% used [0x00000000faa00000,0x00000000faa00000,0x00000000ffc00000)
 ParOldGen       total 313856K, used 291009K [0x00000000a0000000, 0x00000000b3280000, 0x00000000e0000000)
  object space 313856K, 92% used [0x00000000a0000000,0x00000000b1c30458,0x00000000b3280000)
 Metaspace       used 125451K, capacity 134224K, committed 134568K, reserved 1167360K
  class space    used 15312K, capacity 16767K, committed 16816K, reserved 1048576K
Event: 11959.215 GC heap after
Heap after GC invocations=76 (full 4):
 PSYoungGen      total 435200K, used 7685K [0x00000000e0000000, 0x00000000ff980000, 0x0000000100000000)
  eden space 353792K, 0% used [0x00000000e0000000,0x00000000e0000000,0x00000000f5980000)
  from space 81408K, 9% used [0x00000000faa00000,0x00000000fb1815f8,0x00000000ff980000)
  to   space 81920K, 0% used [0x00000000f5980000,0x00000000f5980000,0x00000000fa980000)
 ParOldGen       total 313856K, used 299694K [0x00000000a0000000, 0x00000000b3280000, 0x00000000e0000000)
  object space 313856K, 95% used [0x00000000a0000000,0x00000000b24ab830,0x00000000b3280000)
 Metaspace       used 125451K, capacity 134224K, committed 134568K, reserved 1167360K
  class space    used 15312K, capacity 16767K, committed 16816K, reserved 1048576K
}
Event: 11959.215 GC heap before
{Heap before GC invocations=77 (full 5):
 PSYoungGen      total 435200K, used 7685K [0x00000000e0000000, 0x00000000ff980000, 0x0000000100000000)
  eden space 353792K, 0% used [0x00000000e0000000,0x00000000e0000000,0x00000000f5980000)
  from space 81408K, 9% used [0x00000000faa00000,0x00000000fb1815f8,0x00000000ff980000)
  to   space 81920K, 0% used [0x00000000f5980000,0x00000000f5980000,0x00000000fa980000)
 ParOldGen       total 313856K, used 299694K [0x00000000a0000000, 0x00000000b3280000, 0x00000000e0000000)
  object space 313856K, 95% used [0x00000000a0000000,0x00000000b24ab830,0x00000000b3280000)
 Metaspace       used 125451K, capacity 134224K, committed 134568K, reserved 1167360K
  class space    used 15312K, capacity 16767K, committed 16816K, reserved 1048576K
Event: 11959.648 GC heap after
Heap after GC invocations=77 (full 5):
 PSYoungGen      total 435200K, used 0K [0x00000000e0000000, 0x00000000ff980000, 0x0000000100000000)
  eden space 353792K, 0% used [0x00000000e0000000,0x00000000e0000000,0x00000000f5980000)
  from space 81408K, 0% used [0x00000000faa00000,0x00000000faa00000,0x00000000ff980000)
  to   space 81920K, 0% used [0x00000000f5980000,0x00000000f5980000,0x00000000fa980000)
 ParOldGen       total 333824K, used 111996K [0x00000000a0000000, 0x00000000b4600000, 0x00000000e0000000)
  object space 333824K, 33% used [0x00000000a0000000,0x00000000a6d5f358,0x00000000b4600000)
 Metaspace       used 103846K, capacity 110950K, committed 134568K, reserved 1167360K
  class space    used 13116K, capacity 14340K, committed 16816K, reserved 1048576K
}

